info it worked if it ends with ok
verbose cli [ 'node',
verbose cli   '/usr/local/node/bin/npm',
verbose cli   'install',
verbose cli   'zepto' ]
info using npm@1.0.22
info using node@v0.4.10
verbose config file /Users/jurisaltbacka/.npmrc
verbose config file /usr/local/node/etc/npmrc
silly testEngine { name: 'app',
silly testEngine   version: '0.0.1',
silly testEngine   dependencies: 
silly testEngine    { serveup: '~0.0.2',
silly testEngine      hem: '~0.1.6',
silly testEngine      'es5-shimify': '~0.0.1',
silly testEngine      json2ify: '~0.0.1',
silly testEngine      jqueryify: '~0.0.1',
silly testEngine      spine: '~1.0.5',
silly testEngine      'spine.mobile': '~1.0.0',
silly testEngine      gfx: '~0.0.4' },
silly testEngine   _npmJsonOpts: 
silly testEngine    { file: '/Users/jurisaltbacka/Projects/carbon-cases/package.json',
silly testEngine      wscript: false,
silly testEngine      contributors: false,
silly testEngine      serverjs: false },
silly testEngine   _id: 'app@0.0.1',
silly testEngine   devDependencies: {},
silly testEngine   engines: { node: '*' },
silly testEngine   _engineSupported: true,
silly testEngine   _npmVersion: '1.0.22',
silly testEngine   _nodeVersion: 'v0.4.10',
silly testEngine   _defaultsLoaded: true }
verbose caching /Users/jurisaltbacka/Projects/carbon-cases/package.json
verbose loadDefaults app@0.0.1
silly testEngine { name: 'es5-shimify',
silly testEngine   description: 'ES5-shim lib for browsers',
silly testEngine   version: '0.0.1',
silly testEngine   repository: 
silly testEngine    { type: 'git',
silly testEngine      url: 'git://github.com/maccman/es5-shimify.git' },
silly testEngine   author: { name: 'Alex MacCaw', email: 'info@eribium.org' },
silly testEngine   engines: { node: '*' },
silly testEngine   main: './index.js',
silly testEngine   _npmJsonOpts: 
silly testEngine    { file: '/Users/jurisaltbacka/Projects/carbon-cases/node_modules/es5-shimify/package.json',
silly testEngine      contributors: false,
silly testEngine      wscript: false,
silly testEngine      serverjs: false },
silly testEngine   _id: 'es5-shimify@0.0.1',
silly testEngine   dependencies: {},
silly testEngine   devDependencies: {},
silly testEngine   _engineSupported: true,
silly testEngine   _npmVersion: '1.0.22',
silly testEngine   _nodeVersion: 'v0.4.10',
silly testEngine   _defaultsLoaded: true }
verbose caching /Users/jurisaltbacka/Projects/carbon-cases/node_modules/es5-shimify/package.json
verbose loadDefaults es5-shimify@0.0.1
silly testEngine { name: 'gfx',
silly testEngine   description: '3D CSS3 animation library for jQuery',
silly testEngine   version: '0.0.4',
silly testEngine   author: { name: 'maccman' },
silly testEngine   licenses: 
silly testEngine    [ { type: 'MIT',
silly testEngine        url: 'https://github.com/maccman/gfx/blob/master/LICENSE' } ],
silly testEngine   repository: 
silly testEngine    { type: 'git',
silly testEngine      url: 'git://github.com/maccman/gfx.git' },
silly testEngine   engine: [ '*' ],
silly testEngine   main: './index.js',
silly testEngine   dependencies: { jqueryify: '~0.0.1' },
silly testEngine   _npmJsonOpts: 
silly testEngine    { file: '/Users/jurisaltbacka/Projects/carbon-cases/node_modules/gfx/package.json',
silly testEngine      wscript: false,
silly testEngine      contributors: false,
silly testEngine      serverjs: false },
silly testEngine   _id: 'gfx@0.0.4',
silly testEngine   devDependencies: {},
silly testEngine   engines: { node: '*' },
silly testEngine   _engineSupported: true,
silly testEngine   _npmVersion: '1.0.22',
silly testEngine   _nodeVersion: 'v0.4.10',
silly testEngine   _defaultsLoaded: true }
verbose caching /Users/jurisaltbacka/Projects/carbon-cases/node_modules/gfx/package.json
verbose loadDefaults gfx@0.0.4
silly testEngine { name: 'hem',
silly testEngine   description: 'CommonJS stitcher.',
silly testEngine   version: '0.1.6',
silly testEngine   author: { name: 'maccman' },
silly testEngine   licenses: 
silly testEngine    [ { type: 'MIT',
silly testEngine        url: 'https://github.com/maccman/hem/blob/master/LICENSE' } ],
silly testEngine   repository: 
silly testEngine    { type: 'git',
silly testEngine      url: 'git://github.com/maccman/hem.git' },
silly testEngine   engine: [ 'node >=0.1.102' ],
silly testEngine   main: './lib/hem.js',
silly testEngine   bin: { hem: './bin/hem' },
silly testEngine   dependencies: 
silly testEngine    { eco: '1.1.0-rc-1',
silly testEngine      'uglify-js': '~1.1.1',
silly testEngine      express: '~2.5.0',
silly testEngine      'fast-detective': '~0.0.1',
silly testEngine      optimist: '~0.2.6',
silly testEngine      'coffee-script': '~1.1.2',
silly testEngine      stylus: '~0.19.0',
silly testEngine      watch: '~0.4.0' },
silly testEngine   _npmJsonOpts: 
silly testEngine    { file: '/Users/jurisaltbacka/Projects/carbon-cases/node_modules/hem/package.json',
silly testEngine      wscript: false,
silly testEngine      contributors: false,
silly testEngine      serverjs: false },
silly testEngine   _id: 'hem@0.1.6',
silly testEngine   devDependencies: {},
silly testEngine   engines: { node: '*' },
silly testEngine   _engineSupported: true,
silly testEngine   _npmVersion: '1.0.22',
silly testEngine   _nodeVersion: 'v0.4.10',
silly testEngine   _defaultsLoaded: true }
verbose caching /Users/jurisaltbacka/Projects/carbon-cases/node_modules/hem/package.json
verbose loadDefaults hem@0.1.6
silly testEngine { name: 'jqueryify',
silly testEngine   description: 'jQuery lib for browsers',
silly testEngine   version: '0.0.1',
silly testEngine   repository: 
silly testEngine    { type: 'git',
silly testEngine      url: 'git://github.com/maccman/jqueryify.git' },
silly testEngine   author: { name: 'Alex MacCaw', email: 'info@eribium.org' },
silly testEngine   engines: { node: '*' },
silly testEngine   main: './index.js',
silly testEngine   _npmJsonOpts: 
silly testEngine    { file: '/Users/jurisaltbacka/Projects/carbon-cases/node_modules/jqueryify/package.json',
silly testEngine      wscript: false,
silly testEngine      contributors: false,
silly testEngine      serverjs: false },
silly testEngine   _id: 'jqueryify@0.0.1',
silly testEngine   dependencies: {},
silly testEngine   devDependencies: {},
silly testEngine   _engineSupported: true,
silly testEngine   _npmVersion: '1.0.22',
silly testEngine   _nodeVersion: 'v0.4.10',
silly testEngine   _defaultsLoaded: true }
verbose caching /Users/jurisaltbacka/Projects/carbon-cases/node_modules/jqueryify/package.json
verbose loadDefaults jqueryify@0.0.1
silly testEngine { name: 'json2ify',
silly testEngine   description: 'JSON2 lib for browsers',
silly testEngine   version: '0.0.1',
silly testEngine   repository: 
silly testEngine    { type: 'git',
silly testEngine      url: 'git://github.com/maccman/json2.git' },
silly testEngine   author: { name: 'Alex MacCaw', email: 'info@eribium.org' },
silly testEngine   engines: { node: '*' },
silly testEngine   main: './index.js',
silly testEngine   _npmJsonOpts: 
silly testEngine    { file: '/Users/jurisaltbacka/Projects/carbon-cases/node_modules/json2ify/package.json',
silly testEngine      wscript: false,
silly testEngine      contributors: false,
silly testEngine      serverjs: false },
silly testEngine   _id: 'json2ify@0.0.1',
silly testEngine   dependencies: {},
silly testEngine   devDependencies: {},
silly testEngine   _engineSupported: true,
silly testEngine   _npmVersion: '1.0.22',
silly testEngine   _nodeVersion: 'v0.4.10',
silly testEngine   _defaultsLoaded: true }
verbose caching /Users/jurisaltbacka/Projects/carbon-cases/node_modules/json2ify/package.json
verbose loadDefaults json2ify@0.0.1
silly testEngine { name: 'serveup',
silly testEngine   description: 'Simple static server.',
silly testEngine   version: '0.0.3',
silly testEngine   author: { name: 'maccman' },
silly testEngine   licenses: 
silly testEngine    [ { type: 'MIT',
silly testEngine        url: 'https://github.com/maccman/serveup/blob/master/LICENSE' } ],
silly testEngine   repository: 
silly testEngine    { type: 'git',
silly testEngine      url: 'git://github.com/maccman/serveup.git' },
silly testEngine   engine: [ 'node >=0.1.102' ],
silly testEngine   main: './index.js',
silly testEngine   bin: { serveup: './index.js' },
silly testEngine   dependencies: { express: '~2.5.0', optimist: '~0.2.6' },
silly testEngine   _npmJsonOpts: 
silly testEngine    { file: '/Users/jurisaltbacka/Projects/carbon-cases/node_modules/serveup/package.json',
silly testEngine      wscript: false,
silly testEngine      contributors: false,
silly testEngine      serverjs: false },
silly testEngine   _id: 'serveup@0.0.3',
silly testEngine   devDependencies: {},
silly testEngine   engines: { node: '*' },
silly testEngine   _engineSupported: true,
silly testEngine   _npmVersion: '1.0.22',
silly testEngine   _nodeVersion: 'v0.4.10',
silly testEngine   _defaultsLoaded: true }
verbose caching /Users/jurisaltbacka/Projects/carbon-cases/node_modules/serveup/package.json
verbose loadDefaults serveup@0.0.3
silly testEngine { name: 'spine',
silly testEngine   description: 'MVC Framework.',
silly testEngine   version: '1.0.5',
silly testEngine   author: { name: 'maccman' },
silly testEngine   licenses: 
silly testEngine    [ { type: 'MIT',
silly testEngine        url: 'https://github.com/maccman/spine/blob/master/LICENSE' } ],
silly testEngine   repository: 
silly testEngine    { type: 'git',
silly testEngine      url: 'git://github.com/maccman/spine.git' },
silly testEngine   main: './index.js',
silly testEngine   dependencies: { 'spine.app': '~0.2.8' },
silly testEngine   _npmJsonOpts: 
silly testEngine    { file: '/Users/jurisaltbacka/Projects/carbon-cases/node_modules/spine/package.json',
silly testEngine      wscript: false,
silly testEngine      contributors: false,
silly testEngine      serverjs: false },
silly testEngine   _id: 'spine@1.0.5',
silly testEngine   devDependencies: {},
silly testEngine   engines: { node: '*' },
silly testEngine   _engineSupported: true,
silly testEngine   _npmVersion: '1.0.22',
silly testEngine   _nodeVersion: 'v0.4.10',
silly testEngine   _defaultsLoaded: true }
verbose caching /Users/jurisaltbacka/Projects/carbon-cases/node_modules/spine/package.json
verbose loadDefaults spine@1.0.5
silly testEngine { name: 'spine.mobile',
silly testEngine   description: 'Spine Mobile MVC Framework.',
silly testEngine   version: '1.0.0',
silly testEngine   author: { name: 'maccman' },
silly testEngine   licenses: 
silly testEngine    [ { type: 'MIT',
silly testEngine        url: 'https://github.com/maccman/spine.mobile/blob/master/LICENSE' } ],
silly testEngine   repository: 
silly testEngine    { type: 'git',
silly testEngine      url: 'git://github.com/maccman/spine.mobile.git' },
silly testEngine   main: './index.js',
silly testEngine   dependencies: { spine: '~1.0.0', gfx: '~0.0.2' },
silly testEngine   _npmJsonOpts: 
silly testEngine    { file: '/Users/jurisaltbacka/Projects/carbon-cases/node_modules/spine.mobile/package.json',
silly testEngine      wscript: false,
silly testEngine      contributors: false,
silly testEngine      serverjs: false },
silly testEngine   _id: 'spine.mobile@1.0.0',
silly testEngine   devDependencies: {},
silly testEngine   engines: { node: '*' },
silly testEngine   _engineSupported: true,
silly testEngine   _npmVersion: '1.0.22',
silly testEngine   _nodeVersion: 'v0.4.10',
silly testEngine   _defaultsLoaded: true }
verbose caching /Users/jurisaltbacka/Projects/carbon-cases/node_modules/spine.mobile/package.json
verbose loadDefaults spine.mobile@1.0.0
verbose from cache /Users/jurisaltbacka/Projects/carbon-cases/package.json
verbose into /Users/jurisaltbacka/Projects/carbon-cases [ 'zepto' ]
verbose cache add [ 'zepto', null ]
info addNamed [ 'zepto', '' ]
verbose addNamed [ null, '' ]
verbose GET zepto
verbose raw, before any munging zepto
verbose url resolving [ 'https://registry.npmjs.org/', './zepto' ]
verbose url resolved https://registry.npmjs.org/zepto
verbose url parsed { protocol: 'https:',
verbose url parsed   slashes: true,
verbose url parsed   host: 'registry.npmjs.org',
verbose url parsed   hostname: 'registry.npmjs.org',
verbose url parsed   href: 'https://registry.npmjs.org/zepto',
verbose url parsed   pathname: '/zepto' }
verbose response https://registry.npmjs.org/zepto
silly chunk {"error":"not_found","reason":"document not found"}
silly chunk 
silly get cb [ 404,
silly get cb   { server: 'CouchDB/1.1.0 (Erlang OTP/R14B04)',
silly get cb     date: 'Tue, 22 Nov 2011 18:28:53 GMT',
silly get cb     'content-type': 'application/json',
silly get cb     'content-length': '52',
silly get cb     'cache-control': 'must-revalidate' } ]
ERR! 404 'zepto' is not in the npm registry.
ERR! 404 You should bug the author to publish it.
ERR! 404 Note that you can also install from a tarball or folder.
ERR! 
ERR! System Darwin 11.2.0
ERR! command "node" "/usr/local/node/bin/npm" "install" "zepto"
ERR! cwd /Users/jurisaltbacka/Projects/carbon-cases
ERR! node -v v0.4.10
ERR! npm -v 1.0.22
verbose exit [ 1, true ]
